Determining if the CL_VERSION_2_2 exist failed with the following output:
Change Dir: /workspaces/parallel-and-distributed-processing/OpenCL_CUDA/matmul-comparison/build/CMakeFiles/CMakeTmp

Run Build Command(s):/usr/bin/make cmTC_155c0/fast && /usr/bin/make -f CMakeFiles/cmTC_155c0.dir/build.make CMakeFiles/cmTC_155c0.dir/build
make[1]: Entering directory '/workspaces/parallel-and-distributed-processing/OpenCL_CUDA/matmul-comparison/build/CMakeFiles/CMakeTmp'
Building C object CMakeFiles/cmTC_155c0.dir/CheckSymbolExists.c.o
/usr/bin/cc    -o CMakeFiles/cmTC_155c0.dir/CheckSymbolExists.c.o   -c /workspaces/parallel-and-distributed-processing/OpenCL_CUDA/matmul-comparison/build/CMakeFiles/CMakeTmp/CheckSymbolExists.c
/workspaces/parallel-and-distributed-processing/OpenCL_CUDA/matmul-comparison/build/CMakeFiles/CMakeTmp/CheckSymbolExists.c:2:10: fatal error: OpenCL_INCLUDE_DIR-NOTFOUND/CL/cl.h: No such file or directory
    2 | #include <OpenCL_INCLUDE_DIR-NOTFOUND/CL/cl.h>
      |          ^~~~~~~~~~~~~~~~~~~~~~~~~~~~~~~~~~~~~
compilation terminated.
make[1]: *** [CMakeFiles/cmTC_155c0.dir/build.make:66: CMakeFiles/cmTC_155c0.dir/CheckSymbolExists.c.o] Error 1
make[1]: Leaving directory '/workspaces/parallel-and-distributed-processing/OpenCL_CUDA/matmul-comparison/build/CMakeFiles/CMakeTmp'
make: *** [Makefile:121: cmTC_155c0/fast] Error 2


File /workspaces/parallel-and-distributed-processing/OpenCL_CUDA/matmul-comparison/build/CMakeFiles/CMakeTmp/CheckSymbolExists.c:
/* */
#include <OpenCL_INCLUDE_DIR-NOTFOUND/CL/cl.h>

int main(int argc, char** argv)
{
  (void)argv;
#ifndef CL_VERSION_2_2
  return ((int*)(&CL_VERSION_2_2))[argc];
#else
  (void)argc;
  return 0;
#endif
}
Determining if the CL_VERSION_2_1 exist failed with the following output:
Change Dir: /workspaces/parallel-and-distributed-processing/OpenCL_CUDA/matmul-comparison/build/CMakeFiles/CMakeTmp

Run Build Command(s):/usr/bin/make cmTC_3c04a/fast && /usr/bin/make -f CMakeFiles/cmTC_3c04a.dir/build.make CMakeFiles/cmTC_3c04a.dir/build
make[1]: Entering directory '/workspaces/parallel-and-distributed-processing/OpenCL_CUDA/matmul-comparison/build/CMakeFiles/CMakeTmp'
Building C object CMakeFiles/cmTC_3c04a.dir/CheckSymbolExists.c.o
/usr/bin/cc    -o CMakeFiles/cmTC_3c04a.dir/CheckSymbolExists.c.o   -c /workspaces/parallel-and-distributed-processing/OpenCL_CUDA/matmul-comparison/build/CMakeFiles/CMakeTmp/CheckSymbolExists.c
/workspaces/parallel-and-distributed-processing/OpenCL_CUDA/matmul-comparison/build/CMakeFiles/CMakeTmp/CheckSymbolExists.c:2:10: fatal error: OpenCL_INCLUDE_DIR-NOTFOUND/CL/cl.h: No such file or directory
    2 | #include <OpenCL_INCLUDE_DIR-NOTFOUND/CL/cl.h>
      |          ^~~~~~~~~~~~~~~~~~~~~~~~~~~~~~~~~~~~~
compilation terminated.
make[1]: *** [CMakeFiles/cmTC_3c04a.dir/build.make:66: CMakeFiles/cmTC_3c04a.dir/CheckSymbolExists.c.o] Error 1
make[1]: Leaving directory '/workspaces/parallel-and-distributed-processing/OpenCL_CUDA/matmul-comparison/build/CMakeFiles/CMakeTmp'
make: *** [Makefile:121: cmTC_3c04a/fast] Error 2


File /workspaces/parallel-and-distributed-processing/OpenCL_CUDA/matmul-comparison/build/CMakeFiles/CMakeTmp/CheckSymbolExists.c:
/* */
#include <OpenCL_INCLUDE_DIR-NOTFOUND/CL/cl.h>

int main(int argc, char** argv)
{
  (void)argv;
#ifndef CL_VERSION_2_1
  return ((int*)(&CL_VERSION_2_1))[argc];
#else
  (void)argc;
  return 0;
#endif
}
Determining if the CL_VERSION_2_0 exist failed with the following output:
Change Dir: /workspaces/parallel-and-distributed-processing/OpenCL_CUDA/matmul-comparison/build/CMakeFiles/CMakeTmp

Run Build Command(s):/usr/bin/make cmTC_35fbd/fast && /usr/bin/make -f CMakeFiles/cmTC_35fbd.dir/build.make CMakeFiles/cmTC_35fbd.dir/build
make[1]: Entering directory '/workspaces/parallel-and-distributed-processing/OpenCL_CUDA/matmul-comparison/build/CMakeFiles/CMakeTmp'
Building C object CMakeFiles/cmTC_35fbd.dir/CheckSymbolExists.c.o
/usr/bin/cc    -o CMakeFiles/cmTC_35fbd.dir/CheckSymbolExists.c.o   -c /workspaces/parallel-and-distributed-processing/OpenCL_CUDA/matmul-comparison/build/CMakeFiles/CMakeTmp/CheckSymbolExists.c
/workspaces/parallel-and-distributed-processing/OpenCL_CUDA/matmul-comparison/build/CMakeFiles/CMakeTmp/CheckSymbolExists.c:2:10: fatal error: OpenCL_INCLUDE_DIR-NOTFOUND/CL/cl.h: No such file or directory
    2 | #include <OpenCL_INCLUDE_DIR-NOTFOUND/CL/cl.h>
      |          ^~~~~~~~~~~~~~~~~~~~~~~~~~~~~~~~~~~~~
compilation terminated.
make[1]: *** [CMakeFiles/cmTC_35fbd.dir/build.make:66: CMakeFiles/cmTC_35fbd.dir/CheckSymbolExists.c.o] Error 1
make[1]: Leaving directory '/workspaces/parallel-and-distributed-processing/OpenCL_CUDA/matmul-comparison/build/CMakeFiles/CMakeTmp'
make: *** [Makefile:121: cmTC_35fbd/fast] Error 2


File /workspaces/parallel-and-distributed-processing/OpenCL_CUDA/matmul-comparison/build/CMakeFiles/CMakeTmp/CheckSymbolExists.c:
/* */
#include <OpenCL_INCLUDE_DIR-NOTFOUND/CL/cl.h>

int main(int argc, char** argv)
{
  (void)argv;
#ifndef CL_VERSION_2_0
  return ((int*)(&CL_VERSION_2_0))[argc];
#else
  (void)argc;
  return 0;
#endif
}
Determining if the CL_VERSION_1_2 exist failed with the following output:
Change Dir: /workspaces/parallel-and-distributed-processing/OpenCL_CUDA/matmul-comparison/build/CMakeFiles/CMakeTmp

Run Build Command(s):/usr/bin/make cmTC_e7f74/fast && /usr/bin/make -f CMakeFiles/cmTC_e7f74.dir/build.make CMakeFiles/cmTC_e7f74.dir/build
make[1]: Entering directory '/workspaces/parallel-and-distributed-processing/OpenCL_CUDA/matmul-comparison/build/CMakeFiles/CMakeTmp'
Building C object CMakeFiles/cmTC_e7f74.dir/CheckSymbolExists.c.o
/usr/bin/cc    -o CMakeFiles/cmTC_e7f74.dir/CheckSymbolExists.c.o   -c /workspaces/parallel-and-distributed-processing/OpenCL_CUDA/matmul-comparison/build/CMakeFiles/CMakeTmp/CheckSymbolExists.c
/workspaces/parallel-and-distributed-processing/OpenCL_CUDA/matmul-comparison/build/CMakeFiles/CMakeTmp/CheckSymbolExists.c:2:10: fatal error: OpenCL_INCLUDE_DIR-NOTFOUND/CL/cl.h: No such file or directory
    2 | #include <OpenCL_INCLUDE_DIR-NOTFOUND/CL/cl.h>
      |          ^~~~~~~~~~~~~~~~~~~~~~~~~~~~~~~~~~~~~
compilation terminated.
make[1]: *** [CMakeFiles/cmTC_e7f74.dir/build.make:66: CMakeFiles/cmTC_e7f74.dir/CheckSymbolExists.c.o] Error 1
make[1]: Leaving directory '/workspaces/parallel-and-distributed-processing/OpenCL_CUDA/matmul-comparison/build/CMakeFiles/CMakeTmp'
make: *** [Makefile:121: cmTC_e7f74/fast] Error 2


File /workspaces/parallel-and-distributed-processing/OpenCL_CUDA/matmul-comparison/build/CMakeFiles/CMakeTmp/CheckSymbolExists.c:
/* */
#include <OpenCL_INCLUDE_DIR-NOTFOUND/CL/cl.h>

int main(int argc, char** argv)
{
  (void)argv;
#ifndef CL_VERSION_1_2
  return ((int*)(&CL_VERSION_1_2))[argc];
#else
  (void)argc;
  return 0;
#endif
}
Determining if the CL_VERSION_1_1 exist failed with the following output:
Change Dir: /workspaces/parallel-and-distributed-processing/OpenCL_CUDA/matmul-comparison/build/CMakeFiles/CMakeTmp

Run Build Command(s):/usr/bin/make cmTC_f22ea/fast && /usr/bin/make -f CMakeFiles/cmTC_f22ea.dir/build.make CMakeFiles/cmTC_f22ea.dir/build
make[1]: Entering directory '/workspaces/parallel-and-distributed-processing/OpenCL_CUDA/matmul-comparison/build/CMakeFiles/CMakeTmp'
Building C object CMakeFiles/cmTC_f22ea.dir/CheckSymbolExists.c.o
/usr/bin/cc    -o CMakeFiles/cmTC_f22ea.dir/CheckSymbolExists.c.o   -c /workspaces/parallel-and-distributed-processing/OpenCL_CUDA/matmul-comparison/build/CMakeFiles/CMakeTmp/CheckSymbolExists.c
/workspaces/parallel-and-distributed-processing/OpenCL_CUDA/matmul-comparison/build/CMakeFiles/CMakeTmp/CheckSymbolExists.c:2:10: fatal error: OpenCL_INCLUDE_DIR-NOTFOUND/CL/cl.h: No such file or directory
    2 | #include <OpenCL_INCLUDE_DIR-NOTFOUND/CL/cl.h>
      |          ^~~~~~~~~~~~~~~~~~~~~~~~~~~~~~~~~~~~~
compilation terminated.
make[1]: *** [CMakeFiles/cmTC_f22ea.dir/build.make:66: CMakeFiles/cmTC_f22ea.dir/CheckSymbolExists.c.o] Error 1
make[1]: Leaving directory '/workspaces/parallel-and-distributed-processing/OpenCL_CUDA/matmul-comparison/build/CMakeFiles/CMakeTmp'
make: *** [Makefile:121: cmTC_f22ea/fast] Error 2


File /workspaces/parallel-and-distributed-processing/OpenCL_CUDA/matmul-comparison/build/CMakeFiles/CMakeTmp/CheckSymbolExists.c:
/* */
#include <OpenCL_INCLUDE_DIR-NOTFOUND/CL/cl.h>

int main(int argc, char** argv)
{
  (void)argv;
#ifndef CL_VERSION_1_1
  return ((int*)(&CL_VERSION_1_1))[argc];
#else
  (void)argc;
  return 0;
#endif
}
Determining if the CL_VERSION_1_0 exist failed with the following output:
Change Dir: /workspaces/parallel-and-distributed-processing/OpenCL_CUDA/matmul-comparison/build/CMakeFiles/CMakeTmp

Run Build Command(s):/usr/bin/make cmTC_e02d9/fast && /usr/bin/make -f CMakeFiles/cmTC_e02d9.dir/build.make CMakeFiles/cmTC_e02d9.dir/build
make[1]: Entering directory '/workspaces/parallel-and-distributed-processing/OpenCL_CUDA/matmul-comparison/build/CMakeFiles/CMakeTmp'
Building C object CMakeFiles/cmTC_e02d9.dir/CheckSymbolExists.c.o
/usr/bin/cc    -o CMakeFiles/cmTC_e02d9.dir/CheckSymbolExists.c.o   -c /workspaces/parallel-and-distributed-processing/OpenCL_CUDA/matmul-comparison/build/CMakeFiles/CMakeTmp/CheckSymbolExists.c
/workspaces/parallel-and-distributed-processing/OpenCL_CUDA/matmul-comparison/build/CMakeFiles/CMakeTmp/CheckSymbolExists.c:2:10: fatal error: OpenCL_INCLUDE_DIR-NOTFOUND/CL/cl.h: No such file or directory
    2 | #include <OpenCL_INCLUDE_DIR-NOTFOUND/CL/cl.h>
      |          ^~~~~~~~~~~~~~~~~~~~~~~~~~~~~~~~~~~~~
compilation terminated.
make[1]: *** [CMakeFiles/cmTC_e02d9.dir/build.make:66: CMakeFiles/cmTC_e02d9.dir/CheckSymbolExists.c.o] Error 1
make[1]: Leaving directory '/workspaces/parallel-and-distributed-processing/OpenCL_CUDA/matmul-comparison/build/CMakeFiles/CMakeTmp'
make: *** [Makefile:121: cmTC_e02d9/fast] Error 2


File /workspaces/parallel-and-distributed-processing/OpenCL_CUDA/matmul-comparison/build/CMakeFiles/CMakeTmp/CheckSymbolExists.c:
/* */
#include <OpenCL_INCLUDE_DIR-NOTFOUND/CL/cl.h>

int main(int argc, char** argv)
{
  (void)argv;
#ifndef CL_VERSION_1_0
  return ((int*)(&CL_VERSION_1_0))[argc];
#else
  (void)argc;
  return 0;
#endif
}
Performing C SOURCE FILE Test CMAKE_HAVE_LIBC_PTHREAD failed with the following output:
Change Dir: /workspaces/parallel-and-distributed-processing/OpenCL_CUDA/matmul-comparison/build/CMakeFiles/CMakeTmp

Run Build Command(s):/usr/bin/make cmTC_58468/fast && /usr/bin/make -f CMakeFiles/cmTC_58468.dir/build.make CMakeFiles/cmTC_58468.dir/build
make[1]: Entering directory '/workspaces/parallel-and-distributed-processing/OpenCL_CUDA/matmul-comparison/build/CMakeFiles/CMakeTmp'
Building C object CMakeFiles/cmTC_58468.dir/src.c.o
/usr/bin/cc   -fPIC -DCMAKE_HAVE_LIBC_PTHREAD   -o CMakeFiles/cmTC_58468.dir/src.c.o   -c /workspaces/parallel-and-distributed-processing/OpenCL_CUDA/matmul-comparison/build/CMakeFiles/CMakeTmp/src.c
Linking C executable cmTC_58468
/usr/bin/cmake -E cmake_link_script CMakeFiles/cmTC_58468.dir/link.txt --verbose=1
/usr/bin/cc -fPIC -DCMAKE_HAVE_LIBC_PTHREAD    CMakeFiles/cmTC_58468.dir/src.c.o  -o cmTC_58468 
/usr/bin/ld: CMakeFiles/cmTC_58468.dir/src.c.o: in function `main':
src.c:(.text+0x46): undefined reference to `pthread_create'
/usr/bin/ld: src.c:(.text+0x52): undefined reference to `pthread_detach'
/usr/bin/ld: src.c:(.text+0x63): undefined reference to `pthread_join'
collect2: error: ld returned 1 exit status
make[1]: *** [CMakeFiles/cmTC_58468.dir/build.make:87: cmTC_58468] Error 1
make[1]: Leaving directory '/workspaces/parallel-and-distributed-processing/OpenCL_CUDA/matmul-comparison/build/CMakeFiles/CMakeTmp'
make: *** [Makefile:121: cmTC_58468/fast] Error 2


Source file was:
#include <pthread.h>

void* test_func(void* data)
{
  return data;
}

int main(void)
{
  pthread_t thread;
  pthread_create(&thread, NULL, test_func, NULL);
  pthread_detach(thread);
  pthread_join(thread, NULL);
  pthread_atfork(NULL, NULL, NULL);
  pthread_exit(NULL);

  return 0;
}

Determining if the function pthread_create exists in the pthreads failed with the following output:
Change Dir: /workspaces/parallel-and-distributed-processing/OpenCL_CUDA/matmul-comparison/build/CMakeFiles/CMakeTmp

Run Build Command(s):/usr/bin/make cmTC_530c0/fast && /usr/bin/make -f CMakeFiles/cmTC_530c0.dir/build.make CMakeFiles/cmTC_530c0.dir/build
make[1]: Entering directory '/workspaces/parallel-and-distributed-processing/OpenCL_CUDA/matmul-comparison/build/CMakeFiles/CMakeTmp'
Building C object CMakeFiles/cmTC_530c0.dir/CheckFunctionExists.c.o
/usr/bin/cc   -fPIC -DCHECK_FUNCTION_EXISTS=pthread_create   -o CMakeFiles/cmTC_530c0.dir/CheckFunctionExists.c.o   -c /usr/share/cmake-3.16/Modules/CheckFunctionExists.c
Linking C executable cmTC_530c0
/usr/bin/cmake -E cmake_link_script CMakeFiles/cmTC_530c0.dir/link.txt --verbose=1
/usr/bin/cc -fPIC -DCHECK_FUNCTION_EXISTS=pthread_create    CMakeFiles/cmTC_530c0.dir/CheckFunctionExists.c.o  -o cmTC_530c0  -lpthreads 
/usr/bin/ld: cannot find -lpthreads
collect2: error: ld returned 1 exit status
make[1]: *** [CMakeFiles/cmTC_530c0.dir/build.make:87: cmTC_530c0] Error 1
make[1]: Leaving directory '/workspaces/parallel-and-distributed-processing/OpenCL_CUDA/matmul-comparison/build/CMakeFiles/CMakeTmp'
make: *** [Makefile:121: cmTC_530c0/fast] Error 2



